<?xml version="1.0" encoding="UTF-8"?>
<!-- Generated by org.testng.reporters.JUnitReportReporter -->
<testsuite hostname="Nehas-MacBook-Air.local" failures="0" tests="1" name="Basic.AppTest" time="0.004" errors="0" timestamp="30 Jan 2020 15:50:47 GMT">
  <testcase classname="Basic.AppTest" name="testApp" time="0.004"/>
</testsuite>
