<?xml version="1.0" encoding="UTF-8"?>
<!-- Generated by org.testng.reporters.JUnitReportReporter -->
<testsuite hostname="Nehas-MacBook-Air.local" failures="0" tests="2" name="DemoTestng.NewTest" time="0.025" errors="0" timestamp="2020-12-18T20:46:11 IST" skipped="0">
  <testcase classname="DemoTestng.NewTest" name="logIn" time="0.022"/>
  <testcase classname="DemoTestng.NewTest" name="signUp" time="0.003"/>
</testsuite> <!-- DemoTestng.NewTest -->
