<?xml version="1.0" encoding="UTF-8"?>
<!-- Generated by org.testng.reporters.JUnitReportReporter -->
<testsuite hostname="Nehas-MacBook-Air.local" failures="0" tests="1" name="DemoTestng.NewTest2" time="0.005" errors="0" timestamp="2020-12-17T20:52:43 IST" skipped="0">
  <testcase classname="DemoTestng.NewTest2" name="SearchCart" time="0.005"/>
</testsuite> <!-- DemoTestng.NewTest2 -->
