<?xml version="1.0" encoding="UTF-8"?>
<!-- Generated by org.testng.reporters.JUnitReportReporter -->
<testsuite hostname="Nehas-MacBook-Air.local" failures="0" tests="2" name="DemoTestng.NewTest" time="0.022" errors="0" timestamp="2020-12-17T20:52:43 IST" skipped="0">
  <testcase classname="DemoTestng.NewTest" name="logIn" time="0.020"/>
  <testcase classname="DemoTestng.NewTest" name="signUp" time="0.002"/>
</testsuite> <!-- DemoTestng.NewTest -->
