<?xml version="1.0" encoding="UTF-8"?>
<!-- Generated by org.testng.reporters.JUnitReportReporter -->
<testsuite hostname="Nehas-MacBook-Air.local" failures="0" tests="1" name="DemoTestng.NewTest2" time="0.011" errors="0" timestamp="17 Dec 2020 07:34:45 GMT">
  <testcase classname="DemoTestng.NewTest2" name="SearchCart" time="0.011"/>
</testsuite> <!-- DemoTestng.NewTest2 -->
