<?xml version="1.0" encoding="UTF-8"?>
<!-- Generated by org.testng.reporters.JUnitReportReporter -->
<testsuite hostname="Nehas-MacBook-Air.local" failures="0" tests="2" name="DemoTestng.NewTest" time="0.012" errors="0" timestamp="18 Dec 2020 15:16:35 GMT">
  <testcase classname="DemoTestng.NewTest" name="logIn" time="0.011"/>
  <testcase classname="DemoTestng.NewTest" name="signUp" time="0.001"/>
</testsuite> <!-- DemoTestng.NewTest -->
