<?xml version="1.0" encoding="UTF-8"?>
<!-- Generated by org.testng.reporters.JUnitReportReporter -->
<testsuite hostname="Nehas-MacBook-Air.local" failures="0" tests="2" name="Basic.SeleniumTest" time="0.002" errors="0" timestamp="30 Jan 2020 15:50:47 GMT">
  <testcase classname="Basic.SeleniumTest" name="SanityTesting" time="0.001"/>
  <testcase classname="Basic.SeleniumTest" name="BrowserTesting" time="0.001"/>
</testsuite>
