<?xml version="1.0" encoding="UTF-8"?>
<!-- Generated by org.testng.reporters.JUnitReportReporter -->
<testsuite hostname="Nehas-MacBook-Air.local" failures="0" tests="1" name="Basic.LearnTest" time="0.001" errors="0" timestamp="30 Jan 2020 15:50:47 GMT">
  <testcase classname="Basic.LearnTest" name="BrowserTestLearn" time="0.001"/>
</testsuite>
