<?xml version="1.0" encoding="UTF-8"?>
<testsuite xmlns:xsi="http://www.w3.org/2001/XMLSchema-instance" xsi:noNamespaceSchemaLocation="https://maven.apache.org/surefire/maven-surefire-plugin/xsd/surefire-test-report-3.0.xsd" version="3.0" name="shriTestRunner.TestRunner" time="0.614" tests="2" errors="2" skipped="0" failures="0">
  <properties>
    <property name="java.specification.version" value="13"/>
    <property name="sun.jnu.encoding" value="UTF-8"/>
    <property name="java.class.path" value="/Users/neharaj/eclipse-workspace/ShriResumeMavenProject/target/test-classes:/Users/neharaj/eclipse-workspace/ShriResumeMavenProject/target/classes:/Users/neharaj/.m2/repository/org/seleniumhq/selenium/selenium-java/3.14.0/selenium-java-3.14.0.jar:/Users/neharaj/.m2/repository/org/seleniumhq/selenium/selenium-api/3.14.0/selenium-api-3.14.0.jar:/Users/neharaj/.m2/repository/org/seleniumhq/selenium/selenium-chrome-driver/3.14.0/selenium-chrome-driver-3.14.0.jar:/Users/neharaj/.m2/repository/org/seleniumhq/selenium/selenium-edge-driver/3.14.0/selenium-edge-driver-3.14.0.jar:/Users/neharaj/.m2/repository/org/seleniumhq/selenium/selenium-firefox-driver/3.14.0/selenium-firefox-driver-3.14.0.jar:/Users/neharaj/.m2/repository/org/seleniumhq/selenium/selenium-ie-driver/3.14.0/selenium-ie-driver-3.14.0.jar:/Users/neharaj/.m2/repository/org/seleniumhq/selenium/selenium-opera-driver/3.14.0/selenium-opera-driver-3.14.0.jar:/Users/neharaj/.m2/repository/org/seleniumhq/selenium/selenium-remote-driver/3.14.0/selenium-remote-driver-3.14.0.jar:/Users/neharaj/.m2/repository/org/seleniumhq/selenium/selenium-safari-driver/3.14.0/selenium-safari-driver-3.14.0.jar:/Users/neharaj/.m2/repository/org/seleniumhq/selenium/selenium-support/3.14.0/selenium-support-3.14.0.jar:/Users/neharaj/.m2/repository/net/bytebuddy/byte-buddy/1.8.15/byte-buddy-1.8.15.jar:/Users/neharaj/.m2/repository/org/apache/commons/commons-exec/1.3/commons-exec-1.3.jar:/Users/neharaj/.m2/repository/commons-codec/commons-codec/1.10/commons-codec-1.10.jar:/Users/neharaj/.m2/repository/commons-logging/commons-logging/1.2/commons-logging-1.2.jar:/Users/neharaj/.m2/repository/com/google/guava/guava/25.0-jre/guava-25.0-jre.jar:/Users/neharaj/.m2/repository/com/google/code/findbugs/jsr305/1.3.9/jsr305-1.3.9.jar:/Users/neharaj/.m2/repository/org/checkerframework/checker-compat-qual/2.0.0/checker-compat-qual-2.0.0.jar:/Users/neharaj/.m2/repository/com/google/errorprone/error_prone_annotations/2.1.3/error_prone_annotations-2.1.3.jar:/Users/neharaj/.m2/repository/com/google/j2objc/j2objc-annotations/1.1/j2objc-annotations-1.1.jar:/Users/neharaj/.m2/repository/org/codehaus/mojo/animal-sniffer-annotations/1.14/animal-sniffer-annotations-1.14.jar:/Users/neharaj/.m2/repository/org/apache/httpcomponents/httpclient/4.5.5/httpclient-4.5.5.jar:/Users/neharaj/.m2/repository/org/apache/httpcomponents/httpcore/4.4.9/httpcore-4.4.9.jar:/Users/neharaj/.m2/repository/com/squareup/okhttp3/okhttp/3.10.0/okhttp-3.10.0.jar:/Users/neharaj/.m2/repository/com/squareup/okio/okio/1.14.1/okio-1.14.1.jar:/Users/neharaj/.m2/repository/io/cucumber/cucumber-java/4.2.2/cucumber-java-4.2.2.jar:/Users/neharaj/.m2/repository/io/cucumber/cucumber-core/4.2.2/cucumber-core-4.2.2.jar:/Users/neharaj/.m2/repository/io/cucumber/cucumber-html/0.2.7/cucumber-html-0.2.7.jar:/Users/neharaj/.m2/repository/io/cucumber/gherkin/5.1.0/gherkin-5.1.0.jar:/Users/neharaj/.m2/repository/io/cucumber/tag-expressions/1.1.1/tag-expressions-1.1.1.jar:/Users/neharaj/.m2/repository/io/cucumber/cucumber-expressions/6.2.0/cucumber-expressions-6.2.0.jar:/Users/neharaj/.m2/repository/io/cucumber/datatable/1.1.12/datatable-1.1.12.jar:/Users/neharaj/.m2/repository/io/cucumber/datatable-dependencies/1.1.12/datatable-dependencies-1.1.12.jar:/Users/neharaj/.m2/repository/io/cucumber/cucumber-junit/4.2.2/cucumber-junit-4.2.2.jar:/Users/neharaj/.m2/repository/junit/junit/4.12/junit-4.12.jar:/Users/neharaj/.m2/repository/org/hamcrest/hamcrest-core/1.3/hamcrest-core-1.3.jar:"/>
    <property name="java.vm.vendor" value="Oracle Corporation"/>
    <property name="sun.arch.data.model" value="64"/>
    <property name="java.vendor.url" value="https://java.oracle.com/"/>
    <property name="os.name" value="Mac OS X"/>
    <property name="java.vm.specification.version" value="13"/>
    <property name="sun.java.launcher" value="SUN_STANDARD"/>
    <property name="user.country" value="IN"/>
    <property name="sun.boot.library.path" value="/Library/Java/JavaVirtualMachines/jdk-13.0.1.jdk/Contents/Home/lib"/>
    <property name="sun.java.command" value="/Users/neharaj/eclipse-workspace/ShriResumeMavenProject/target/surefire/surefirebooter14654231760636591232.jar /Users/neharaj/eclipse-workspace/ShriResumeMavenProject/target/surefire 2020-02-02T15-08-57_620-jvmRun1 surefire8093674081040814591tmp surefire_015570183634359398707tmp"/>
    <property name="http.nonProxyHosts" value="local|*.local|169.254/16|*.169.254/16"/>
    <property name="jdk.debug" value="release"/>
    <property name="surefire.test.class.path" value="/Users/neharaj/eclipse-workspace/ShriResumeMavenProject/target/test-classes:/Users/neharaj/eclipse-workspace/ShriResumeMavenProject/target/classes:/Users/neharaj/.m2/repository/org/seleniumhq/selenium/selenium-java/3.14.0/selenium-java-3.14.0.jar:/Users/neharaj/.m2/repository/org/seleniumhq/selenium/selenium-api/3.14.0/selenium-api-3.14.0.jar:/Users/neharaj/.m2/repository/org/seleniumhq/selenium/selenium-chrome-driver/3.14.0/selenium-chrome-driver-3.14.0.jar:/Users/neharaj/.m2/repository/org/seleniumhq/selenium/selenium-edge-driver/3.14.0/selenium-edge-driver-3.14.0.jar:/Users/neharaj/.m2/repository/org/seleniumhq/selenium/selenium-firefox-driver/3.14.0/selenium-firefox-driver-3.14.0.jar:/Users/neharaj/.m2/repository/org/seleniumhq/selenium/selenium-ie-driver/3.14.0/selenium-ie-driver-3.14.0.jar:/Users/neharaj/.m2/repository/org/seleniumhq/selenium/selenium-opera-driver/3.14.0/selenium-opera-driver-3.14.0.jar:/Users/neharaj/.m2/repository/org/seleniumhq/selenium/selenium-remote-driver/3.14.0/selenium-remote-driver-3.14.0.jar:/Users/neharaj/.m2/repository/org/seleniumhq/selenium/selenium-safari-driver/3.14.0/selenium-safari-driver-3.14.0.jar:/Users/neharaj/.m2/repository/org/seleniumhq/selenium/selenium-support/3.14.0/selenium-support-3.14.0.jar:/Users/neharaj/.m2/repository/net/bytebuddy/byte-buddy/1.8.15/byte-buddy-1.8.15.jar:/Users/neharaj/.m2/repository/org/apache/commons/commons-exec/1.3/commons-exec-1.3.jar:/Users/neharaj/.m2/repository/commons-codec/commons-codec/1.10/commons-codec-1.10.jar:/Users/neharaj/.m2/repository/commons-logging/commons-logging/1.2/commons-logging-1.2.jar:/Users/neharaj/.m2/repository/com/google/guava/guava/25.0-jre/guava-25.0-jre.jar:/Users/neharaj/.m2/repository/com/google/code/findbugs/jsr305/1.3.9/jsr305-1.3.9.jar:/Users/neharaj/.m2/repository/org/checkerframework/checker-compat-qual/2.0.0/checker-compat-qual-2.0.0.jar:/Users/neharaj/.m2/repository/com/google/errorprone/error_prone_annotations/2.1.3/error_prone_annotations-2.1.3.jar:/Users/neharaj/.m2/repository/com/google/j2objc/j2objc-annotations/1.1/j2objc-annotations-1.1.jar:/Users/neharaj/.m2/repository/org/codehaus/mojo/animal-sniffer-annotations/1.14/animal-sniffer-annotations-1.14.jar:/Users/neharaj/.m2/repository/org/apache/httpcomponents/httpclient/4.5.5/httpclient-4.5.5.jar:/Users/neharaj/.m2/repository/org/apache/httpcomponents/httpcore/4.4.9/httpcore-4.4.9.jar:/Users/neharaj/.m2/repository/com/squareup/okhttp3/okhttp/3.10.0/okhttp-3.10.0.jar:/Users/neharaj/.m2/repository/com/squareup/okio/okio/1.14.1/okio-1.14.1.jar:/Users/neharaj/.m2/repository/io/cucumber/cucumber-java/4.2.2/cucumber-java-4.2.2.jar:/Users/neharaj/.m2/repository/io/cucumber/cucumber-core/4.2.2/cucumber-core-4.2.2.jar:/Users/neharaj/.m2/repository/io/cucumber/cucumber-html/0.2.7/cucumber-html-0.2.7.jar:/Users/neharaj/.m2/repository/io/cucumber/gherkin/5.1.0/gherkin-5.1.0.jar:/Users/neharaj/.m2/repository/io/cucumber/tag-expressions/1.1.1/tag-expressions-1.1.1.jar:/Users/neharaj/.m2/repository/io/cucumber/cucumber-expressions/6.2.0/cucumber-expressions-6.2.0.jar:/Users/neharaj/.m2/repository/io/cucumber/datatable/1.1.12/datatable-1.1.12.jar:/Users/neharaj/.m2/repository/io/cucumber/datatable-dependencies/1.1.12/datatable-dependencies-1.1.12.jar:/Users/neharaj/.m2/repository/io/cucumber/cucumber-junit/4.2.2/cucumber-junit-4.2.2.jar:/Users/neharaj/.m2/repository/junit/junit/4.12/junit-4.12.jar:/Users/neharaj/.m2/repository/org/hamcrest/hamcrest-core/1.3/hamcrest-core-1.3.jar:"/>
    <property name="sun.cpu.endian" value="little"/>
    <property name="user.home" value="/Users/neharaj"/>
    <property name="user.language" value="en"/>
    <property name="java.specification.vendor" value="Oracle Corporation"/>
    <property name="java.version.date" value="2019-10-15"/>
    <property name="java.home" value="/Library/Java/JavaVirtualMachines/jdk-13.0.1.jdk/Contents/Home"/>
    <property name="file.separator" value="/"/>
    <property name="basedir" value="/Users/neharaj/eclipse-workspace/ShriResumeMavenProject"/>
    <property name="java.vm.compressedOopsMode" value="Zero based"/>
    <property name="line.separator" value="&#10;"/>
    <property name="java.specification.name" value="Java Platform API Specification"/>
    <property name="java.vm.specification.vendor" value="Oracle Corporation"/>
    <property name="surefire.real.class.path" value="/Users/neharaj/eclipse-workspace/ShriResumeMavenProject/target/surefire/surefirebooter14654231760636591232.jar"/>
    <property name="sun.management.compiler" value="HotSpot 64-Bit Tiered Compilers"/>
    <property name="ftp.nonProxyHosts" value="local|*.local|169.254/16|*.169.254/16"/>
    <property name="java.runtime.version" value="13.0.1+9"/>
    <property name="user.name" value="neharaj"/>
    <property name="path.separator" value=":"/>
    <property name="os.version" value="10.14.5"/>
    <property name="java.runtime.name" value="Java(TM) SE Runtime Environment"/>
    <property name="file.encoding" value="UTF-8"/>
    <property name="java.vm.name" value="Java HotSpot(TM) 64-Bit Server VM"/>
    <property name="localRepository" value="/Users/neharaj/.m2/repository"/>
    <property name="java.vendor.url.bug" value="https://bugreport.java.com/bugreport/"/>
    <property name="java.io.tmpdir" value="/var/folders/sr/swfvh9190qn1s7_8kk2gszch0000gn/T/"/>
    <property name="java.version" value="13.0.1"/>
    <property name="user.dir" value="/Users/neharaj/eclipse-workspace/ShriResumeMavenProject"/>
    <property name="os.arch" value="x86_64"/>
    <property name="java.vm.specification.name" value="Java Virtual Machine Specification"/>
    <property name="java.library.path" value="/Users/neharaj/Library/Java/Extensions:/Library/Java/Extensions:/Network/Library/Java/Extensions:/System/Library/Java/Extensions:/usr/lib/java:."/>
    <property name="java.vm.info" value="mixed mode, sharing"/>
    <property name="java.vendor" value="Oracle Corporation"/>
    <property name="java.vm.version" value="13.0.1+9"/>
    <property name="sun.io.unicode.encoding" value="UnicodeBig"/>
    <property name="socksNonProxyHosts" value="local|*.local|169.254/16|*.169.254/16"/>
    <property name="java.class.version" value="57.0"/>
  </properties>
  <testcase name="LogIn to Web Application" classname="LogIn to Application" time="0.045">
    <error message="Users/neharaj/eclipse-workspace/ShriResumeMavenProject/src/test/java/Basic/OR.properties (No such file or directory)" type="java.io.FileNotFoundException"><![CDATA[java.io.FileNotFoundException: Users/neharaj/eclipse-workspace/ShriResumeMavenProject/src/test/java/Basic/OR.properties (No such file or directory)
]]></error>
    <system-out><![CDATA[Smoke test
&amp#27;[31mF&amp#27;[0m&amp#27;[36m-&amp#27;[0m&amp#27;[36m-&amp#27;[0m&amp#27;[36m-&amp#27;[0m&amp#27;[36m-&amp#27;[0m&amp#27;[33mU&amp#27;[0mpass
]]></system-out>
  </testcase>
  <testcase name="LogIn to Web Application" classname="LogIn to Application" time="0.046">
    <error message="The step &quot;Dashboard Page displayed&quot; is undefined" type="cucumber.runtime.junit.UndefinedThrowable"><![CDATA[cucumber.runtime.junit.UndefinedThrowable: The step "Dashboard Page displayed" is undefined
]]></error>
  </testcase>
</testsuite>